2014-01-22 16:28:30.958 TestApp[67250:80b] Multi-tasking -> Device: YES, App: YES
2014-01-22 16:28:31.009 TestApp[67250:80b] Unlimited access to network resources
2014-01-22 16:28:31.512 TestApp[67250:80b] Resetting plugins due to page load.
2014-01-22 16:28:31.702 TestApp[67250:80b] Finished load of: file:///Users/Phantom/Library/Application%20Support/iPhone%20Simulator/7.0.3/Applications/F8676289-08A8-4AF6-8B3F-A885A61B334A/TestApp.app/www/index.html
2014-01-22 16:33:42.574 TestApp[67995:80b] Multi-tasking -> Device: YES, App: YES
2014-01-22 16:33:42.585 TestApp[67995:80b] Unlimited access to network resources
2014-01-22 16:33:42.875 TestApp[67995:80b] Resetting plugins due to page load.
2014-01-22 16:33:42.981 TestApp[67995:80b] Finished load of: file:///Users/Phantom/Library/Application%20Support/iPhone%20Simulator/7.0.3/Applications/F8676289-08A8-4AF6-8B3F-A885A61B334A/TestApp.app/www/index.html
2014-01-22 16:33:57.838 TestApp[67995:80b] Resetting plugins due to page load.
2014-01-22 16:33:57.936 TestApp[67995:80b] Finished load of: file:///Users/Phantom/Library/Application%20Support/iPhone%20Simulator/7.0.3/Applications/F8676289-08A8-4AF6-8B3F-A885A61B334A/TestApp.app/www/index.html
2014-01-22 16:42:33.173 TestApp[68769:80b] Multi-tasking -> Device: YES, App: YES
2014-01-22 16:42:33.185 TestApp[68769:80b] Unlimited access to network resources
2014-01-22 16:42:33.446 TestApp[68769:80b] Resetting plugins due to page load.
2014-01-22 16:42:33.528 TestApp[68769:80b] Finished load of: file:///Users/Phantom/Library/Application%20Support/iPhone%20Simulator/7.0.3/Applications/F8676289-08A8-4AF6-8B3F-A885A61B334A/TestApp.app/www/index.html
2014-01-22 16:46:10.615 TestApp[68769:80b] Resetting plugins due to page load.
2014-01-22 16:46:10.661 TestApp[68769:80b] Finished load of: file:///Users/Phantom/Library/Application%20Support/iPhone%20Simulator/7.0.3/Applications/F8676289-08A8-4AF6-8B3F-A885A61B334A/TestApp.app/www/index.html
2014-01-22 16:46:55.085 TestApp[68769:80b] Resetting plugins due to page load.
2014-01-22 16:46:55.127 TestApp[68769:80b] Finished load of: file:///Users/Phantom/Library/Application%20Support/iPhone%20Simulator/7.0.3/Applications/F8676289-08A8-4AF6-8B3F-A885A61B334A/TestApp.app/www/index.html
2014-01-22 16:46:56.449 TestApp[68769:80b] Resetting plugins due to page load.
2014-01-22 16:46:56.475 TestApp[68769:80b] Finished load of: file:///Users/Phantom/Library/Application%20Support/iPhone%20Simulator/7.0.3/Applications/F8676289-08A8-4AF6-8B3F-A885A61B334A/TestApp.app/www/index.html
2014-01-22 16:46:57.745 TestApp[68769:80b] Resetting plugins due to page load.
2014-01-22 16:46:57.773 TestApp[68769:80b] Finished load of: file:///Users/Phantom/Library/Application%20Support/iPhone%20Simulator/7.0.3/Applications/F8676289-08A8-4AF6-8B3F-A885A61B334A/TestApp.app/www/index.html
2014-01-22 16:48:00.518 TestApp[69511:80b] Multi-tasking -> Device: YES, App: YES
2014-01-22 16:48:00.531 TestApp[69511:80b] Unlimited access to network resources
2014-01-22 16:48:00.807 TestApp[69511:80b] Resetting plugins due to page load.
2014-01-22 16:48:00.874 TestApp[69511:80b] Finished load of: file:///Users/Phantom/Library/Application%20Support/iPhone%20Simulator/7.0.3/Applications/F8676289-08A8-4AF6-8B3F-A885A61B334A/TestApp.app/www/index.html
2014-01-22 16:48:33.921 TestApp[69511:80b] Resetting plugins due to page load.
2014-01-22 16:48:33.960 TestApp[69511:80b] Finished load of: file:///Users/Phantom/Library/Application%20Support/iPhone%20Simulator/7.0.3/Applications/F8676289-08A8-4AF6-8B3F-A885A61B334A/TestApp.app/www/index.html
2014-01-22 16:50:48.082 TestApp[70236:80b] Multi-tasking -> Device: YES, App: YES
2014-01-22 16:50:48.095 TestApp[70236:80b] Unlimited access to network resources
2014-01-22 16:50:48.329 TestApp[70236:80b] Resetting plugins due to page load.
2014-01-22 16:50:48.400 TestApp[70236:80b] Finished load of: file:///Users/Phantom/Library/Application%20Support/iPhone%20Simulator/7.0.3/Applications/F8676289-08A8-4AF6-8B3F-A885A61B334A/TestApp.app/www/index.html
2014-01-22 16:51:19.151 TestApp[70236:80b] Resetting plugins due to page load.
2014-01-22 16:51:19.195 TestApp[70236:80b] Finished load of: file:///Users/Phantom/Library/Application%20Support/iPhone%20Simulator/7.0.3/Applications/F8676289-08A8-4AF6-8B3F-A885A61B334A/TestApp.app/www/index.html
2014-01-22 16:53:21.864 TestApp[71644:80b] Multi-tasking -> Device: YES, App: YES
2014-01-22 16:53:21.876 TestApp[71644:80b] Unlimited access to network resources
2014-01-22 16:53:21.957 TestApp[71644:80b] Resetting plugins due to page load.
2014-01-22 16:53:22.056 TestApp[71644:80b] Finished load of: file:///Users/Phantom/Library/Application%20Support/iPhone%20Simulator/7.0.3/Applications/F8676289-08A8-4AF6-8B3F-A885A61B334A/TestApp.app/www/index.html
2014-01-22 16:53:37.351 TestApp[71644:80b] Resetting plugins due to page load.
2014-01-22 16:53:37.424 TestApp[71644:80b] Finished load of: file:///Users/Phantom/Library/Application%20Support/iPhone%20Simulator/7.0.3/Applications/F8676289-08A8-4AF6-8B3F-A885A61B334A/TestApp.app/www/index.html
2014-01-22 16:55:29.849 TestApp[72365:80b] Multi-tasking -> Device: YES, App: YES
2014-01-22 16:55:29.861 TestApp[72365:80b] Unlimited access to network resources
2014-01-22 16:55:30.040 TestApp[72365:80b] Resetting plugins due to page load.
2014-01-22 16:55:30.108 TestApp[72365:80b] Finished load of: file:///Users/Phantom/Library/Application%20Support/iPhone%20Simulator/7.0.3/Applications/F8676289-08A8-4AF6-8B3F-A885A61B334A/TestApp.app/www/index.html
2014-01-22 16:55:41.305 TestApp[72365:80b] Resetting plugins due to page load.
2014-01-22 16:55:41.355 TestApp[72365:80b] Finished load of: file:///Users/Phantom/Library/Application%20Support/iPhone%20Simulator/7.0.3/Applications/F8676289-08A8-4AF6-8B3F-A885A61B334A/TestApp.app/www/index.html
2014-01-22 16:57:00.967 TestApp[73076:80b] Multi-tasking -> Device: YES, App: YES
2014-01-22 16:57:00.979 TestApp[73076:80b] Unlimited access to network resources
2014-01-22 16:57:01.235 TestApp[73076:80b] Resetting plugins due to page load.
2014-01-22 16:57:01.307 TestApp[73076:80b] Finished load of: file:///Users/Phantom/Library/Application%20Support/iPhone%20Simulator/7.0.3/Applications/F8676289-08A8-4AF6-8B3F-A885A61B334A/TestApp.app/www/index.html
2014-01-22 16:57:20.616 TestApp[73076:80b] Resetting plugins due to page load.
2014-01-22 16:57:20.714 TestApp[73076:80b] Finished load of: file:///Users/Phantom/Library/Application%20Support/iPhone%20Simulator/7.0.3/Applications/F8676289-08A8-4AF6-8B3F-A885A61B334A/TestApp.app/www/index.html
2014-01-22 16:58:23.909 TestApp[73785:80b] Multi-tasking -> Device: YES, App: YES
2014-01-22 16:58:23.922 TestApp[73785:80b] Unlimited access to network resources
2014-01-22 16:58:24.177 TestApp[73785:80b] Resetting plugins due to page load.
2014-01-22 16:58:24.312 TestApp[73785:80b] Finished load of: file:///Users/Phantom/Library/Application%20Support/iPhone%20Simulator/7.0.3/Applications/F8676289-08A8-4AF6-8B3F-A885A61B334A/TestApp.app/www/index.html
2014-01-22 16:58:45.298 TestApp[73785:3f03] void SendDelegateMessage(NSInvocation *): delegate (webView:runJavaScriptAlertPanelWithMessage:initiatedByFrame:) failed to return after waiting 10 seconds. main run loop mode: kCFRunLoopDefaultMode
2014-01-22 17:00:19.625 TestApp[74486:80b] Multi-tasking -> Device: YES, App: YES
2014-01-22 17:00:19.637 TestApp[74486:80b] Unlimited access to network resources
2014-01-22 17:00:19.903 TestApp[74486:80b] Resetting plugins due to page load.
2014-01-22 17:00:20.055 TestApp[74486:80b] Finished load of: file:///Users/Phantom/Library/Application%20Support/iPhone%20Simulator/7.0.3/Applications/F8676289-08A8-4AF6-8B3F-A885A61B334A/TestApp.app/www/index.html
2014-01-22 17:00:42.982 TestApp[74486:80b] Resetting plugins due to page load.
2014-01-22 17:00:43.240 TestApp[74486:80b] Finished load of: file:///Users/Phantom/Library/Application%20Support/iPhone%20Simulator/7.0.3/Applications/F8676289-08A8-4AF6-8B3F-A885A61B334A/TestApp.app/www/index.html
2014-01-22 17:02:36.194 TestApp[75885:80b] Multi-tasking -> Device: YES, App: YES
2014-01-22 17:02:36.206 TestApp[75885:80b] Unlimited access to network resources
2014-01-22 17:02:36.442 TestApp[75885:80b] Resetting plugins due to page load.
2014-01-22 17:02:36.635 TestApp[75885:80b] Finished load of: file:///Users/Phantom/Library/Application%20Support/iPhone%20Simulator/7.0.3/Applications/F8676289-08A8-4AF6-8B3F-A885A61B334A/TestApp.app/www/index.html
2014-01-22 17:02:44.351 TestApp[75885:80b] Resetting plugins due to page load.
2014-01-22 17:02:44.420 TestApp[75885:80b] Finished load of: file:///Users/Phantom/Library/Application%20Support/iPhone%20Simulator/7.0.3/Applications/F8676289-08A8-4AF6-8B3F-A885A61B334A/TestApp.app/www/index.html
2014-01-22 17:05:04.295 TestApp[76615:80b] Multi-tasking -> Device: YES, App: YES
2014-01-22 17:05:04.307 TestApp[76615:80b] Unlimited access to network resources
2014-01-22 17:05:04.556 TestApp[76615:80b] Resetting plugins due to page load.
2014-01-22 17:05:04.715 TestApp[76615:80b] Finished load of: file:///Users/Phantom/Library/Application%20Support/iPhone%20Simulator/7.0.3/Applications/F8676289-08A8-4AF6-8B3F-A885A61B334A/TestApp.app/www/index.html
2014-01-22 17:05:33.718 TestApp[76615:80b] Resetting plugins due to page load.
2014-01-22 17:05:33.770 TestApp[76615:80b] Finished load of: file:///Users/Phantom/Library/Application%20Support/iPhone%20Simulator/7.0.3/Applications/F8676289-08A8-4AF6-8B3F-A885A61B334A/TestApp.app/www/index.html
2014-01-22 17:05:50.141 TestApp[76615:80b] Resetting plugins due to page load.
2014-01-22 17:05:50.382 TestApp[76615:80b] Finished load of: file:///Users/Phantom/Library/Application%20Support/iPhone%20Simulator/7.0.3/Applications/F8676289-08A8-4AF6-8B3F-A885A61B334A/TestApp.app/www/index.html
2014-01-22 17:06:17.626 TestApp[76615:80b] Resetting plugins due to page load.
2014-01-22 17:06:17.679 TestApp[76615:80b] Finished load of: file:///Users/Phantom/Library/Application%20Support/iPhone%20Simulator/7.0.3/Applications/F8676289-08A8-4AF6-8B3F-A885A61B334A/TestApp.app/www/index.html
2014-01-22 17:06:27.340 TestApp[76615:80b] Resetting plugins due to page load.
2014-01-22 17:06:27.372 TestApp[76615:80b] Finished load of: file:///Users/Phantom/Library/Application%20Support/iPhone%20Simulator/7.0.3/Applications/F8676289-08A8-4AF6-8B3F-A885A61B334A/TestApp.app/www/index.html
2014-01-22 17:06:28.237 TestApp[76615:80b] Resetting plugins due to page load.
2014-01-22 17:06:28.272 TestApp[76615:80b] Finished load of: file:///Users/Phantom/Library/Application%20Support/iPhone%20Simulator/7.0.3/Applications/F8676289-08A8-4AF6-8B3F-A885A61B334A/TestApp.app/www/index.html
2014-01-22 17:06:29.021 TestApp[76615:80b] Resetting plugins due to page load.
2014-01-22 17:06:29.055 TestApp[76615:80b] Finished load of: file:///Users/Phantom/Library/Application%20Support/iPhone%20Simulator/7.0.3/Applications/F8676289-08A8-4AF6-8B3F-A885A61B334A/TestApp.app/www/index.html
2014-01-22 17:08:59.540 TestApp[77350:80b] Multi-tasking -> Device: YES, App: YES
2014-01-22 17:08:59.552 TestApp[77350:80b] Unlimited access to network resources
2014-01-22 17:08:59.832 TestApp[77350:80b] Resetting plugins due to page load.
2014-01-22 17:08:59.955 TestApp[77350:80b] Finished load of: file:///Users/Phantom/Library/Application%20Support/iPhone%20Simulator/7.0.3/Applications/F8676289-08A8-4AF6-8B3F-A885A61B334A/TestApp.app/www/index.html
2014-01-22 17:09:40.554 TestApp[77350:80b] Resetting plugins due to page load.
2014-01-22 17:09:40.587 TestApp[77350:80b] Finished load of: file:///Users/Phantom/Library/Application%20Support/iPhone%20Simulator/7.0.3/Applications/F8676289-08A8-4AF6-8B3F-A885A61B334A/TestApp.app/www/index.html
2014-01-22 17:11:16.325 TestApp[78076:80b] Multi-tasking -> Device: YES, App: YES
2014-01-22 17:11:16.337 TestApp[78076:80b] Unlimited access to network resources
2014-01-22 17:11:16.526 TestApp[78076:80b] Resetting plugins due to page load.
2014-01-22 17:11:16.660 TestApp[78076:80b] Finished load of: file:///Users/Phantom/Library/Application%20Support/iPhone%20Simulator/7.0.3/Applications/F8676289-08A8-4AF6-8B3F-A885A61B334A/TestApp.app/www/index.html
2014-01-22 17:11:26.847 TestApp[78076:80b] Resetting plugins due to page load.
2014-01-22 17:11:26.890 TestApp[78076:80b] Finished load of: file:///Users/Phantom/Library/Application%20Support/iPhone%20Simulator/7.0.3/Applications/F8676289-08A8-4AF6-8B3F-A885A61B334A/TestApp.app/www/index.html
2014-01-22 17:13:09.565 TestApp[78782:80b] Multi-tasking -> Device: YES, App: YES
2014-01-22 17:13:09.579 TestApp[78782:80b] Unlimited access to network resources
2014-01-22 17:13:09.811 TestApp[78782:80b] Resetting plugins due to page load.
2014-01-22 17:13:12.305 TestApp[78782:80b] Finished load of: file:///Users/Phantom/Library/Application%20Support/iPhone%20Simulator/7.0.3/Applications/F8676289-08A8-4AF6-8B3F-A885A61B334A/TestApp.app/www/index.html
2014-01-22 17:13:15.644 TestApp[78782:80b] Resetting plugins due to page load.
2014-01-22 17:13:15.972 TestApp[78782:80b] Finished load of: file:///Users/Phantom/Library/Application%20Support/iPhone%20Simulator/7.0.3/Applications/F8676289-08A8-4AF6-8B3F-A885A61B334A/TestApp.app/www/index.html
2014-01-22 17:14:03.785 TestApp[79482:80b] Multi-tasking -> Device: YES, App: YES
2014-01-22 17:14:03.796 TestApp[79482:80b] Unlimited access to network resources
2014-01-22 17:14:04.048 TestApp[79482:80b] Resetting plugins due to page load.
2014-01-22 17:14:05.451 TestApp[79482:80b] Finished load of: file:///Users/Phantom/Library/Application%20Support/iPhone%20Simulator/7.0.3/Applications/F8676289-08A8-4AF6-8B3F-A885A61B334A/TestApp.app/www/index.html
2014-01-22 17:16:40.451 TestApp[79482:80b] Resetting plugins due to page load.
2014-01-22 17:16:40.487 TestApp[79482:80b] Finished load of: file:///Users/Phantom/Library/Application%20Support/iPhone%20Simulator/7.0.3/Applications/F8676289-08A8-4AF6-8B3F-A885A61B334A/TestApp.app/www/index.html
2014-01-22 17:18:54.879 TestApp[80227:80b] Multi-tasking -> Device: YES, App: YES
2014-01-22 17:18:54.893 TestApp[80227:80b] Unlimited access to network resources
2014-01-22 17:18:55.154 TestApp[80227:80b] Resetting plugins due to page load.
2014-01-22 17:18:56.551 TestApp[80227:80b] Finished load of: file:///Users/Phantom/Library/Application%20Support/iPhone%20Simulator/7.0.3/Applications/F8676289-08A8-4AF6-8B3F-A885A61B334A/TestApp.app/www/index.html
2014-01-22 17:26:16.751 TestApp[80989:80b] Multi-tasking -> Device: YES, App: YES
2014-01-22 17:26:16.800 TestApp[80989:80b] Unlimited access to network resources
2014-01-22 17:26:17.282 TestApp[80989:80b] Resetting plugins due to page load.
2014-01-22 17:26:18.784 TestApp[80989:80b] Finished load of: file:///Users/Phantom/Library/Application%20Support/iPhone%20Simulator/7.0.3/Applications/F8676289-08A8-4AF6-8B3F-A885A61B334A/TestApp.app/www/index.html
2014-01-22 17:27:32.669 TestApp[80989:80b] Resetting plugins due to page load.
2014-01-22 17:27:32.719 TestApp[80989:80b] Finished load of: file:///Users/Phantom/Library/Application%20Support/iPhone%20Simulator/7.0.3/Applications/F8676289-08A8-4AF6-8B3F-A885A61B334A/TestApp.app/www/index.html
2014-01-22 17:32:06.258 TestApp[81735:80b] Multi-tasking -> Device: YES, App: YES
2014-01-22 17:32:06.270 TestApp[81735:80b] Unlimited access to network resources
2014-01-22 17:32:06.549 TestApp[81735:80b] Resetting plugins due to page load.
2014-01-22 17:32:11.893 TestApp[81735:80b] Finished load of: file:///Users/Phantom/Library/Application%20Support/iPhone%20Simulator/7.0.3/Applications/F8676289-08A8-4AF6-8B3F-A885A61B334A/TestApp.app/www/index.html
2014-01-22 17:32:46.277 TestApp[81735:80b] Resetting plugins due to page load.
2014-01-22 17:32:46.337 TestApp[81735:80b] Finished load of: file:///Users/Phantom/Library/Application%20Support/iPhone%20Simulator/7.0.3/Applications/F8676289-08A8-4AF6-8B3F-A885A61B334A/TestApp.app/www/index.html
2014-01-22 17:34:08.669 TestApp[82443:80b] Multi-tasking -> Device: YES, App: YES
2014-01-22 17:34:08.694 TestApp[82443:80b] Unlimited access to network resources
2014-01-22 17:34:08.968 TestApp[82443:80b] Resetting plugins due to page load.
2014-01-22 17:34:10.797 TestApp[82443:80b] Finished load of: file:///Users/Phantom/Library/Application%20Support/iPhone%20Simulator/7.0.3/Applications/F8676289-08A8-4AF6-8B3F-A885A61B334A/TestApp.app/www/index.html
2014-01-22 17:34:34.633 TestApp[82443:80b] Resetting plugins due to page load.
2014-01-22 17:34:34.690 TestApp[82443:80b] Finished load of: file:///Users/Phantom/Library/Application%20Support/iPhone%20Simulator/7.0.3/Applications/F8676289-08A8-4AF6-8B3F-A885A61B334A/TestApp.app/www/index.html
2014-01-22 17:36:12.241 TestApp[83164:80b] Multi-tasking -> Device: YES, App: YES
2014-01-22 17:36:12.252 TestApp[83164:80b] Unlimited access to network resources
2014-01-22 17:36:12.485 TestApp[83164:80b] Resetting plugins due to page load.
2014-01-22 17:36:13.998 TestApp[83164:80b] Finished load of: file:///Users/Phantom/Library/Application%20Support/iPhone%20Simulator/7.0.3/Applications/F8676289-08A8-4AF6-8B3F-A885A61B334A/TestApp.app/www/index.html
2014-01-22 17:36:38.762 TestApp[83164:80b] Resetting plugins due to page load.
2014-01-22 17:36:38.825 TestApp[83164:80b] Finished load of: file:///Users/Phantom/Library/Application%20Support/iPhone%20Simulator/7.0.3/Applications/F8676289-08A8-4AF6-8B3F-A885A61B334A/TestApp.app/www/index.html
2014-01-22 17:39:16.064 TestApp[83892:80b] Multi-tasking -> Device: YES, App: YES
2014-01-22 17:39:16.075 TestApp[83892:80b] Unlimited access to network resources
2014-01-22 17:39:16.329 TestApp[83892:80b] Resetting plugins due to page load.
2014-01-22 17:39:17.861 TestApp[83892:80b] Finished load of: file:///Users/Phantom/Library/Application%20Support/iPhone%20Simulator/7.0.3/Applications/F8676289-08A8-4AF6-8B3F-A885A61B334A/TestApp.app/www/index.html
2014-01-22 17:39:56.859 TestApp[83892:80b] Resetting plugins due to page load.
2014-01-22 17:39:56.930 TestApp[83892:80b] Finished load of: file:///Users/Phantom/Library/Application%20Support/iPhone%20Simulator/7.0.3/Applications/F8676289-08A8-4AF6-8B3F-A885A61B334A/TestApp.app/www/index.html
2014-01-22 20:03:20.351 TestApp[85052:80b] Multi-tasking -> Device: YES, App: YES
2014-01-22 20:03:20.363 TestApp[85052:80b] Unlimited access to network resources
2014-01-22 20:03:20.610 TestApp[85052:80b] Resetting plugins due to page load.
2014-01-22 20:03:22.224 TestApp[85052:80b] Finished load of: file:///Users/Phantom/Library/Application%20Support/iPhone%20Simulator/7.0.3/Applications/F8676289-08A8-4AF6-8B3F-A885A61B334A/TestApp.app/www/index.html
2014-01-22 20:05:01.976 TestApp[85052:80b] Resetting plugins due to page load.
2014-01-22 20:05:02.086 TestApp[85052:80b] Finished load of: file:///Users/Phantom/Library/Application%20Support/iPhone%20Simulator/7.0.3/Applications/F8676289-08A8-4AF6-8B3F-A885A61B334A/TestApp.app/www/index.html
2014-01-22 20:06:01.438 TestApp[85052:80b] Resetting plugins due to page load.
2014-01-22 20:06:01.512 TestApp[85052:80b] Finished load of: file:///Users/Phantom/Library/Application%20Support/iPhone%20Simulator/7.0.3/Applications/F8676289-08A8-4AF6-8B3F-A885A61B334A/TestApp.app/www/index.html
2014-01-22 20:06:38.737 TestApp[85052:80b] Resetting plugins due to page load.
2014-01-22 20:06:40.325 TestApp[85052:80b] Finished load of: file:///Users/Phantom/Library/Application%20Support/iPhone%20Simulator/7.0.3/Applications/F8676289-08A8-4AF6-8B3F-A885A61B334A/TestApp.app/www/index.html
2014-01-22 20:07:14.370 TestApp[85052:80b] Resetting plugins due to page load.
2014-01-22 20:07:14.437 TestApp[85052:80b] Finished load of: file:///Users/Phantom/Library/Application%20Support/iPhone%20Simulator/7.0.3/Applications/F8676289-08A8-4AF6-8B3F-A885A61B334A/TestApp.app/www/index.html
2014-01-22 20:18:03.839 TestApp[85857:80b] Multi-tasking -> Device: YES, App: YES
2014-01-22 20:18:03.850 TestApp[85857:80b] Unlimited access to network resources
2014-01-22 20:18:04.029 TestApp[85857:80b] Resetting plugins due to page load.
2014-01-22 20:18:05.284 TestApp[85857:80b] Finished load of: file:///Users/Phantom/Library/Application%20Support/iPhone%20Simulator/7.0.3/Applications/F8676289-08A8-4AF6-8B3F-A885A61B334A/TestApp.app/www/index.html
2014-01-22 20:20:13.497 TestApp[86576:80b] Multi-tasking -> Device: YES, App: YES
2014-01-22 20:20:13.508 TestApp[86576:80b] Unlimited access to network resources
2014-01-22 20:20:13.696 TestApp[86576:80b] Resetting plugins due to page load.
2014-01-22 20:20:14.808 TestApp[86576:80b] Finished load of: file:///Users/Phantom/Library/Application%20Support/iPhone%20Simulator/7.0.3/Applications/F8676289-08A8-4AF6-8B3F-A885A61B334A/TestApp.app/www/index.html
2014-01-22 20:22:30.900 TestApp[87309:80b] Multi-tasking -> Device: YES, App: YES
2014-01-22 20:22:30.913 TestApp[87309:80b] Unlimited access to network resources
2014-01-22 20:22:31.203 TestApp[87309:80b] Resetting plugins due to page load.
2014-01-22 20:22:32.942 TestApp[87309:80b] Finished load of: file:///Users/Phantom/Library/Application%20Support/iPhone%20Simulator/7.0.3/Applications/F8676289-08A8-4AF6-8B3F-A885A61B334A/TestApp.app/www/index.html
2014-01-22 20:24:33.027 TestApp[87309:80b] Resetting plugins due to page load.
2014-01-22 20:24:33.128 TestApp[87309:80b] Finished load of: file:///Users/Phantom/Library/Application%20Support/iPhone%20Simulator/7.0.3/Applications/F8676289-08A8-4AF6-8B3F-A885A61B334A/TestApp.app/www/index.html
Terminating in response to SpringBoard's termination.
